[debug] [2023-05-08T20:32:38.955Z] ----------------------------------------------------------------------
[debug] [2023-05-08T20:32:38.956Z] Command:       C:\Program Files\nodejs\node.exe C:\Users\shawn\AppData\Roaming\npm\node_modules\firebase-tools\lib\bin\firebase.js init
[debug] [2023-05-08T20:32:38.957Z] CLI Version:   11.30.0
[debug] [2023-05-08T20:32:38.957Z] Platform:      win32
[debug] [2023-05-08T20:32:38.957Z] Node Version:  v18.15.0
[debug] [2023-05-08T20:32:38.958Z] Time:          Mon May 08 2023 15:32:38 GMT-0500 (Central Daylight Time)
[debug] [2023-05-08T20:32:38.958Z] ----------------------------------------------------------------------
[debug] 
[debug] [2023-05-08T20:32:38.964Z] > command requires scopes: ["email","openid","https://www.googleapis.com/auth/cloudplatformprojects.readonly","https://www.googleapis.com/auth/firebase","https://www.googleapis.com/auth/cloud-platform"]
[debug] [2023-05-08T20:32:38.965Z] > authorizing via signed-in user (thomaswebdevelop@gmail.com)
[info] 
     ######## #### ########  ######## ########     ###     ######  ########
     ##        ##  ##     ## ##       ##     ##  ##   ##  ##       ##
     ######    ##  ########  ######   ########  #########  ######  ######
     ##        ##  ##    ##  ##       ##     ## ##     ##       ## ##
     ##       #### ##     ## ######## ########  ##     ##  ######  ########

You're about to initialize a Firebase project in this directory:

  C:\Users\shawn\new-app\new-app

[info] 
=== Project Setup
[info] 
[info] First, let's associate this project directory with a Firebase project.
[info] You can create multiple project aliases by running firebase use --add, 
[info] but for now we'll just set up a default project.
[info] 
[debug] [2023-05-08T20:33:53.526Z] >>> [apiv2][query] GET https://firebase.googleapis.com/v1beta1/projects pageSize=100
[debug] [2023-05-08T20:33:53.973Z] <<< [apiv2][status] GET https://firebase.googleapis.com/v1beta1/projects 200
[debug] [2023-05-08T20:33:53.974Z] <<< [apiv2][body] GET https://firebase.googleapis.com/v1beta1/projects [omitted]
[info] i  Using project new-app-9db95 (New-App) 
[info] 
=== Hosting Setup
[info] 
[info] Your public directory is the folder (relative to your project directory) that
[info] will contain Hosting assets to be uploaded with firebase deploy. If you
[info] have a build process for your assets, use your build's output directory.
[info] 
[info] +  Wrote public/404.html 
[debug] [2023-05-08T20:35:44.360Z] >>> [apiv2][query] GET https://www.gstatic.com/firebasejs/releases.json [none]
[debug] [2023-05-08T20:35:44.432Z] <<< [apiv2][status] GET https://www.gstatic.com/firebasejs/releases.json 200
[debug] [2023-05-08T20:35:44.432Z] <<< [apiv2][body] GET https://www.gstatic.com/firebasejs/releases.json {"current":{"version":"9.21.0","browserURL":"https://www.gstatic.com/firebasejs/9.21.0/firebase.js","packageURL":"https://www.gstatic.com/firebasejs/9.21.0/firebase.tgz"},"live":{"version":"9.21","browserURL":"https://www.gstatic.com/firebasejs/live/9.21/firebase.js","packageURL":"https://www.gstatic.com/firebasejs/live/9.21/firebase.tgz"},"components":{"analytics":"https://www.gstatic.com/firebasejs/9.21.0/firebase-analytics.js","app":"https://www.gstatic.com/firebasejs/9.21.0/firebase-app.js","app-check":"https://www.gstatic.com/firebasejs/9.21.0/firebase-app-check.js","auth":"https://www.gstatic.com/firebasejs/9.21.0/firebase-auth.js","auth/cordova":"https://www.gstatic.com/firebasejs/9.21.0/firebase-auth/cordova.js","auth/react-native":"https://www.gstatic.com/firebasejs/9.21.0/firebase-auth/react-native.js","functions":"https://www.gstatic.com/firebasejs/9.21.0/firebase-functions.js","firestore":"https://www.gstatic.com/firebasejs/9.21.0/firebase-firestore.js","firestore/lite":"https://www.gstatic.com/firebasejs/9.21.0/firebase-firestore/lite.js","installations":"https://www.gstatic.com/firebasejs/9.21.0/firebase-installations.js","storage":"https://www.gstatic.com/firebasejs/9.21.0/firebase-storage.js","performance":"https://www.gstatic.com/firebasejs/9.21.0/firebase-performance.js","remote-config":"https://www.gstatic.com/firebasejs/9.21.0/firebase-remote-config.js","messaging":"https://www.gstatic.com/firebasejs/9.21.0/firebase-messaging.js","messaging/sw":"https://www.gstatic.com/firebasejs/9.21.0/firebase-messaging/sw.js","database":"https://www.gstatic.com/firebasejs/9.21.0/firebase-database.js","firestore.memory":"https://www.gstatic.com/firebasejs/9.21.0/firebase-firestore.memory.js"}}
[info] i  Skipping write of public/index.html 
[info] 
[info] i  Didn't detect a .git folder. Assuming C:\Users\shawn\new-app\new-app is the project root. 
[info] i  Authorizing with GitHub to upload your service account to a GitHub repository's secrets store. 
[info] 
[info] Visit this URL on this device to log in:
[info] https://github.com/login/oauth/authorize?client_id=89cf50f02ac6aaed3484&state=265385092&redirect_uri=http%3A%2F%2Flocalhost%3A9005&scope=read%3Auser%20repo%20public_repo
[info] 
[info] Waiting for authentication...
[debug] [2023-05-08T20:36:32.436Z] >>> [apiv2][query] POST https://github.com/login/oauth/access_token [none]
[debug] [2023-05-08T20:36:32.436Z] >>> [apiv2][body] POST https://github.com/login/oauth/access_token [stream]
[debug] [2023-05-08T20:36:32.690Z] <<< [apiv2][status] POST https://github.com/login/oauth/access_token 200
[debug] [2023-05-08T20:36:32.690Z] <<< [apiv2][body] POST https://github.com/login/oauth/access_token {"access_token":"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","token_type":"bearer","scope":"read:user,repo"}
[debug] [2023-05-08T20:36:32.697Z] >>> [apiv2][query] GET https://api.github.com/user [none]
[debug] [2023-05-08T20:36:32.971Z] <<< [apiv2][status] GET https://api.github.com/user 200
[debug] [2023-05-08T20:36:32.971Z] <<< [apiv2][body] GET https://api.github.com/user {"login":"SThom44","id":54558966,"node_id":"MDQ6VXNlcjU0NTU4OTY2","avatar_url":"https://avatars.githubusercontent.com/u/54558966?v=4","gravatar_id":"","url":"https://api.github.com/users/SThom44","html_url":"https://github.com/SThom44","followers_url":"https://api.github.com/users/SThom44/followers","following_url":"https://api.github.com/users/SThom44/following{/other_user}","gists_url":"https://api.github.com/users/SThom44/gists{/gist_id}","starred_url":"https://api.github.com/users/SThom44/starred{/owner}{/repo}","subscriptions_url":"https://api.github.com/users/SThom44/subscriptions","organizations_url":"https://api.github.com/users/SThom44/orgs","repos_url":"https://api.github.com/users/SThom44/repos","events_url":"https://api.github.com/users/SThom44/events{/privacy}","received_events_url":"https://api.github.com/users/SThom44/received_events","type":"User","site_admin":false,"name":"Shawn Thomas","company":null,"blog":"","location":null,"email":null,"hireable":null,"bio":null,"twitter_username":null,"public_repos":3,"public_gists":0,"followers":3,"following":4,"created_at":"2019-08-26T22:31:24Z","updated_at":"2021-11-04T15:07:00Z","private_gists":0,"total_private_repos":0,"owned_private_repos":0,"disk_usage":288390,"collaborators":0,"two_factor_authentication":false,"plan":{"name":"free","space":976562499,"collaborators":0,"private_repos":10000}}
[info] 
[info] +  Success! Logged into GitHub as SThom44 
[info] 
